[beta.haraj.com.sa/commission.html]
[backblue.gif]
[fade.gif]
[index.html]
[betacdn.haraj.com.sa/assets/images/1024_icon.png]
[betacdn.haraj.com.sa/assets/images/128_icon.png]
[betacdn.haraj.com.sa/assets/images/152_icon.png]
[betacdn.haraj.com.sa/assets/images/192_icon.png]
[betacdn.haraj.com.sa/assets/images/256_icon.png]
[betacdn.haraj.com.sa/assets/images/512_icon.png]
[beta.haraj.com.sa/manifest.webmanifest]
[betacdn.haraj.com.sa/assets/css/main.d017aa95570a03e95f0d.css]
[betacdn.haraj.com.sa/assets/images/icon_1024x1024.74fb1b1defff023ade4b9ef3b6b2ac7c.png]
[betacdn.haraj.com.sa/main.4b844541a1270c6a0146.js]
[betacdn.haraj.com.sa/assets/images/icon_512x512.7066411fca0d089f078ddf49d59df968.png]
[betacdn.haraj.com.sa/assets/images/icon_384x384.12d8b38b0a81ff939e9768f4105093eb.png]
[betacdn.haraj.com.sa/assets/images/icon_256x256.e1fab9740fc56bf67a9553750b7c9414.png]
[betacdn.haraj.com.sa/assets/images/icon_192x192.3412c457e79a23d6a92f96ad8eeefc64.png]
[betacdn.haraj.com.sa/assets/images/icon_128x128.cc86407e91021ad6957be73c5f43b9b1.png]
[betacdn.haraj.com.sa/assets/images/icon_96x96.5e07e9b4868f8e0113751d416f54a860.png]
[beta.haraj.com.sa/index.html]
[haraj.azureedge.net/static/images5/haraj-logo.png]
[beta.haraj.com.sa/commission.html]
[betacdn.haraj.com.sa/assets/css/main.d017aa95570a03e95f0d.css]
[beta.haraj.com.sa/index.html]
[beta.haraj.com.sa/sw.js]
